Fri Sep 18 20:40:21 2020 :: Booting Database
 0 0 0 0 0 0 0 0 0 0 0 0 0 0 0 0 0 0 0 0 0 0 0 0 0 0 0 0 0 0 0 0
Fri Sep 18 20:40:21 2020 :: [*****] BOOT: ---------------------[ Boot Log ]--------------------
Fri Sep 18 20:40:21 2020 :: Initializing libdl support...
Fri Sep 18 20:40:21 2020 :: Loading commands...
Fri Sep 18 20:40:21 2020 :: Loading spec_funs...
Fri Sep 18 20:40:21 2020 :: Loading sysdata configuration...
Fri Sep 18 20:40:21 2020 :: Loading socials
Fri Sep 18 20:40:21 2020 :: Loading skill table
Fri Sep 18 20:40:21 2020 :: Sorting skill table...
Fri Sep 18 20:40:21 2020 :: Creating skill table sorted by type...
Fri Sep 18 20:40:21 2020 :: Remapping slots to sns
Fri Sep 18 20:40:21 2020 :: Loading classes
Fri Sep 18 20:40:21 2020 :: Loading races
Fri Sep 18 20:40:21 2020 :: Loading news data
Fri Sep 18 20:40:21 2020 :: Loading liquids
Fri Sep 18 20:40:21 2020 :: Loading mixtures
Fri Sep 18 20:40:21 2020 :: Loading herb table
Fri Sep 18 20:40:21 2020 :: Loading tongues
Fri Sep 18 20:40:21 2020 :: Making wizlist
Fri Sep 18 20:40:21 2020 :: Loading MSSP Data...
Fri Sep 18 20:40:21 2020 :: Initializing random number generator
Fri Sep 18 20:40:21 2020 :: Setting time and weather.
Fri Sep 18 20:40:21 2020 :: Loading holiday chart...
Fri Sep 18 20:40:21 2020 :: Loading DNS cache...
Fri Sep 18 20:40:21 2020 :: Assigning gsn's
Fri Sep 18 20:40:21 2020 :: Reading in area files...
(help.are)
limbo.are     : Rooms:     2 - 99    Objs:     2 - 99    Mobs:     1 - 99
Fri Sep 18 20:40:21 2020 :: [*****] BUG: fread_fuss_object: no match: d
Fri Sep 18 20:40:21 2020 :: [*****] FILE: newacad.are LINE: 4014
Fri Sep 18 20:40:21 2020 :: [*****] BUG: fread_fuss_object: no match: d
Fri Sep 18 20:40:21 2020 :: [*****] FILE: newacad.are LINE: 4040
Fri Sep 18 20:40:21 2020 :: [*****] BUG: fread_fuss_object: no match: d
Fri Sep 18 20:40:21 2020 :: [*****] FILE: newacad.are LINE: 4066
Fri Sep 18 20:40:21 2020 :: [*****] BUG: fread_fuss_object: no match: d
Fri Sep 18 20:40:21 2020 :: [*****] FILE: newacad.are LINE: 4117
Fri Sep 18 20:40:21 2020 :: [*****] BUG: fread_fuss_object: no match: d
Fri Sep 18 20:40:21 2020 :: [*****] FILE: newacad.are LINE: 4195
Fri Sep 18 20:40:21 2020 :: [*****] BUG: fread_fuss_object: no match: d
Fri Sep 18 20:40:21 2020 :: [*****] FILE: newacad.are LINE: 4196
Fri Sep 18 20:40:21 2020 :: [*****] BUG: fread_fuss_object: no match: d
Fri Sep 18 20:40:21 2020 :: [*****] FILE: newacad.are LINE: 4241
Fri Sep 18 20:40:21 2020 :: [*****] BUG: fread_fuss_object: no match: d
Fri Sep 18 20:40:21 2020 :: [*****] FILE: newacad.are LINE: 4286
Fri Sep 18 20:40:21 2020 :: [*****] BUG: fread_fuss_object: no match: d
Fri Sep 18 20:40:21 2020 :: [*****] FILE: newacad.are LINE: 4299
Fri Sep 18 20:40:21 2020 :: [*****] BUG: fread_fuss_object: no match: d
Fri Sep 18 20:40:21 2020 :: [*****] FILE: newacad.are LINE: 4300
Fri Sep 18 20:40:21 2020 :: [*****] BUG: fread_fuss_object: no match: d
Fri Sep 18 20:40:21 2020 :: [*****] FILE: newacad.are LINE: 4313
Fri Sep 18 20:40:21 2020 :: [*****] BUG: fread_fuss_object: no match: d
Fri Sep 18 20:40:21 2020 :: [*****] FILE: newacad.are LINE: 4314
Fri Sep 18 20:40:21 2020 :: [*****] BUG: fread_fuss_object: no match: d
Fri Sep 18 20:40:21 2020 :: [*****] FILE: newacad.are LINE: 4345
Fri Sep 18 20:40:21 2020 :: [*****] BUG: fread_fuss_object: no match: d
Fri Sep 18 20:40:21 2020 :: [*****] FILE: newacad.are LINE: 4346
Fri Sep 18 20:40:21 2020 :: [*****] BUG: fread_fuss_object: no match: d
Fri Sep 18 20:40:21 2020 :: [*****] FILE: newacad.are LINE: 4388
Fri Sep 18 20:40:21 2020 :: [*****] BUG: fread_fuss_object: no match: d
Fri Sep 18 20:40:21 2020 :: [*****] FILE: newacad.are LINE: 4389
Fri Sep 18 20:40:21 2020 :: [*****] BUG: fread_fuss_object: no match: d
Fri Sep 18 20:40:21 2020 :: [*****] FILE: newacad.are LINE: 4401
Fri Sep 18 20:40:21 2020 :: [*****] BUG: fread_fuss_object: no match: d
Fri Sep 18 20:40:21 2020 :: [*****] FILE: newacad.are LINE: 4571
Fri Sep 18 20:40:21 2020 :: [*****] BUG: fread_fuss_object: no match: d
Fri Sep 18 20:40:21 2020 :: [*****] FILE: newacad.are LINE: 4572
Fri Sep 18 20:40:21 2020 :: [*****] BUG: fread_fuss_object: no match: d
Fri Sep 18 20:40:21 2020 :: [*****] FILE: newacad.are LINE: 4573
Fri Sep 18 20:40:21 2020 :: [*****] BUG: fread_fuss_object: no match: d
Fri Sep 18 20:40:21 2020 :: [*****] FILE: newacad.are LINE: 4656
Fri Sep 18 20:40:21 2020 :: [*****] BUG: fread_fuss_object: no match: d
Fri Sep 18 20:40:21 2020 :: [*****] FILE: newacad.are LINE: 5117
Fri Sep 18 20:40:21 2020 :: [*****] BUG: fread_fuss_object: no match: d
Fri Sep 18 20:40:21 2020 :: [*****] FILE: newacad.are LINE: 5118
Fri Sep 18 20:40:21 2020 :: [*****] BUG: fread_fuss_object: no match: d
Fri Sep 18 20:40:21 2020 :: [*****] FILE: newacad.are LINE: 5137
Fri Sep 18 20:40:21 2020 :: [*****] BUG: fread_fuss_object: no match: d
Fri Sep 18 20:40:21 2020 :: [*****] FILE: newacad.are LINE: 5138
Fri Sep 18 20:40:21 2020 :: [*****] BUG: fread_fuss_object: no match: d
Fri Sep 18 20:40:21 2020 :: [*****] FILE: newacad.are LINE: 5157
Fri Sep 18 20:40:21 2020 :: [*****] BUG: fread_fuss_object: no match: d
Fri Sep 18 20:40:21 2020 :: [*****] FILE: newacad.are LINE: 5158
Fri Sep 18 20:40:21 2020 :: [*****] BUG: fread_fuss_object: no match: d
Fri Sep 18 20:40:21 2020 :: [*****] FILE: newacad.are LINE: 5177
Fri Sep 18 20:40:21 2020 :: [*****] BUG: fread_fuss_object: no match: d
Fri Sep 18 20:40:21 2020 :: [*****] FILE: newacad.are LINE: 5178
newacad.are   : Rooms: 10300 - 10499 Objs: 10300 - 10499 Mobs: 10300 - 10499
newgate.are   : Rooms:   100 - 199   Objs:   100 - 199   Mobs:   100 - 199
newdark.are   : Rooms: 21000 - 21499 Objs: 21000 - 21435 Mobs: 21000 - 21499
gods.are      : Rooms:  1200 - 1201  Objs:  1200 - 1200  Mobs:  1200 - 1200
plains.are    : Rooms:   300 - 345   Objs:   300 - 313   Mobs:   300 - 350
haon.are      : Rooms:  6000 - 6156  Objs:  6000 - 6155  Mobs:  6000 - 6117
midennir.are  : Rooms:  3500 - 3590  Objs:  3500 - 3550  Mobs:  3500 - 3550
sewer.are     : Rooms:  7001 - 7445  Objs:  7190 - 7310  Mobs:  7000 - 7206
redferne.are  : Rooms:  7900 - 7918  Objs:  7909 - 7911  Mobs:  7900 - 7900
grove.are     : Rooms:  8901 - 8999  Objs:  8900 - 8919  Mobs:  8900 - 8911
dwarven.are   : Rooms:  6500 - 6554  Objs:  6502 - 6519  Mobs:  6500 - 6517
daycare.are   : Rooms:  6601 - 6651  Objs:  6600 - 6647  Mobs:  6600 - 6610
grave.are     : Rooms:  3600 - 3651  Objs:  3600 - 3613  Mobs:  3600 - 3605
chapel.are    : Rooms:  3405 - 3475  Objs:  3400 - 3430  Mobs:  3400 - 3416
astral.are    : Rooms:   800 - 899   Objs:   800 - 899   Mobs:   800 - 899
Build.are     : Rooms:  9500 - 9589  Objs:     0 - 0     Mobs:     0 - 0
pixie.are     : Rooms:  2070 - 2099  Objs:  2070 - 2077  Mobs:  2070 - 2073
export.are    : Rooms:  9810 - 9899  Objs:  9810 - 9899  Mobs:  9800 - 9899
srefuge.are   : Rooms:  1500 - 1599  Objs:  1500 - 1599  Mobs:  1500 - 1599
manor.are     : Rooms:  2400 - 2499  Objs:  2400 - 2499  Mobs:  2405 - 2484
unholy.are    : Rooms:  2101 - 2172  Objs:  2101 - 2150  Mobs:  2101 - 2120
gallery.are   : Rooms: 24800 - 24899 Objs: 24800 - 24899 Mobs: 24800 - 24899
housing.are   : Rooms: 50000 - 54999 Objs: 50000 - 54999 Mobs: 50000 - 54999
Fri Sep 18 20:40:21 2020 :: Fixing exits
Fri Sep 18 20:40:21 2020 :: Initializing economy
Fri Sep 18 20:40:21 2020 :: Resetting areas
Fri Sep 18 20:40:21 2020 :: Loading buildlist
Fri Sep 18 20:40:21 2020 :: ../gods/Admin
Fri Sep 18 20:40:21 2020 :: Loading boards
Fri Sep 18 20:40:21 2020 :: ../boards/immortal.brd
Fri Sep 18 20:40:21 2020 :: ../boards/highgod.brd
Fri Sep 18 20:40:21 2020 :: Loading vault list
Fri Sep 18 20:40:21 2020 :: $
Fri Sep 18 20:40:21 2020 ::  Done vaults 
Fri Sep 18 20:40:21 2020 :: Loading clans
Fri Sep 18 20:40:21 2020 :: Loading clans...
Fri Sep 18 20:40:21 2020 :: vampire.gui
Fri Sep 18 20:40:21 2020 :: Cannot open vault - ../clans/vampire.gui.vault
Fri Sep 18 20:40:21 2020 :: druid.gui
Fri Sep 18 20:40:21 2020 :: Cannot open vault - ../clans/druid.gui.vault
Fri Sep 18 20:40:21 2020 :: warrior.gui
Fri Sep 18 20:40:21 2020 :: Cannot open vault - ../clans/warrior.gui.vault
Fri Sep 18 20:40:21 2020 :: augurer.gui
Fri Sep 18 20:40:21 2020 :: Cannot open vault - ../clans/augurer.gui.vault
Fri Sep 18 20:40:21 2020 :: thief.gui
Fri Sep 18 20:40:21 2020 :: Cannot open vault - ../clans/thief.gui.vault
Fri Sep 18 20:40:21 2020 :: cleric.gui
Fri Sep 18 20:40:21 2020 :: Cannot open vault - ../clans/cleric.gui.vault
Fri Sep 18 20:40:21 2020 :: mage.gui
Fri Sep 18 20:40:21 2020 :: Cannot open vault - ../clans/mage.gui.vault
Fri Sep 18 20:40:21 2020 :: ranger.gui
Fri Sep 18 20:40:21 2020 :: Cannot open vault - ../clans/ranger.gui.vault
Fri Sep 18 20:40:21 2020 :: $
Fri Sep 18 20:40:21 2020 ::  Done clans 
Fri Sep 18 20:40:21 2020 :: Loading councils
Fri Sep 18 20:40:21 2020 :: Loading councils...
Fri Sep 18 20:40:21 2020 :: $
Fri Sep 18 20:40:21 2020 ::  Done councils 
Fri Sep 18 20:40:21 2020 :: Loading deities
Fri Sep 18 20:40:21 2020 :: Loading deities...
Fri Sep 18 20:40:21 2020 :: $
Fri Sep 18 20:40:21 2020 ::  Done deities 
Fri Sep 18 20:40:21 2020 :: Loading watches
Fri Sep 18 20:40:21 2020 :: Loading bans
Fri Sep 18 20:40:21 2020 :: Done.
Fri Sep 18 20:40:21 2020 :: Loading reserved names
Fri Sep 18 20:40:21 2020 :: Loading corpses
Fri Sep 18 20:40:21 2020 :: Loading Immortal Hosts
Fri Sep 18 20:40:21 2020 :: Done.
Fri Sep 18 20:40:21 2020 :: Loading Projects
Fri Sep 18 20:40:21 2020 :: Loading Morphs
Fri Sep 18 20:40:21 2020 :: Done.
Fri Sep 18 20:40:21 2020 :: Loading Housing System, Home Accessories Data, and Home Auctioning System
Fri Sep 18 20:40:21 2020 :: Loading login messages
Fri Sep 18 20:40:21 2020 :: Initializing socket
Fri Sep 18 20:40:21 2020 ::  IMC: Loading IMC2 command table...
Fri Sep 18 20:40:21 2020 ::  IMC: Loading IMC2 network data...
Fri Sep 18 20:40:21 2020 ::  IMC: Loading IMC2 help file...
Fri Sep 18 20:40:21 2020 ::  IMC: Loading IMC2 color table...
Fri Sep 18 20:40:21 2020 ::  IMC: Loading IMC2 who template...
Fri Sep 18 20:40:21 2020 :: [*****] BUG:  IMC: imcfread_word: EOF encountered on read.
Fri Sep 18 20:40:21 2020 ::  IMC: IMC2 network data loaded. Autoconnect not set. IMC2 will need to be connected manually.
Fri Sep 18 20:40:21 2020 :: (Name Not Set) ready on port 4020.
Sat Sep 19 07:30:52 2020 :: [*****] LAG: Jerint sales director: say Woman, you clean this place so a man can not feel comfortable! (R:9879 S:1.879867)
